<?xml version="1.0" encoding="UTF-8"?>
<!-- Generated by org.testng.reporters.JUnitReportReporter -->
<testsuite hostname="Nithin-Dell-Notebook" failures="0" tests="8" name="com.cts.acemoney.testScript.TC_001" time="16.919" errors="0" timestamp="2021-10-17T08:23:17 IST" skipped="0">
  <testcase classname="com.cts.acemoney.testScript.TC_001" name="validateTitle" time="0.021"/>
  <system-out/>
  <testcase classname="com.cts.acemoney.testScript.TC_001" name="validateUrl" time="0.035"/>
  <system-out/>
  <testcase classname="com.cts.acemoney.testScript.TC_001" name="validateLoginPanelText" time="0.103"/>
  <system-out/>
  <testcase classname="com.cts.acemoney.testScript.TC_001" name="validateLogin" time="4.892"/>
  <system-out/>
  <testcase classname="com.cts.acemoney.testScript.TC_001" name="validateLogin" time="3.086"/>
  <system-out/>
  <testcase classname="com.cts.acemoney.testScript.TC_001" name="validateLogin" time="3.112"/>
  <system-out/>
  <testcase classname="com.cts.acemoney.testScript.TC_001" name="validateLogin" time="2.885"/>
  <system-out/>
  <testcase classname="com.cts.acemoney.testScript.TC_001" name="validateLogin" time="2.785"/>
  <system-out/>
</testsuite> <!-- com.cts.acemoney.testScript.TC_001 -->
